  JianChi100Miao.cpp
E:\Game\JianChi100Miao\JianChi100Miao\JianChi100Miao.cpp(31,53): warning C4244: “参数”: 从“float”转换到“int”，可能丢失数据
E:\Game\JianChi100Miao\JianChi100Miao\JianChi100Miao.cpp(31,30): warning C4244: “参数”: 从“float”转换到“int”，可能丢失数据
E:\Game\JianChi100Miao\JianChi100Miao\JianChi100Miao.cpp(53,32): warning C4244: “参数”: 从“float”转换到“int”，可能丢失数据
E:\Game\JianChi100Miao\JianChi100Miao\JianChi100Miao.cpp(53,17): warning C4244: “参数”: 从“float”转换到“int”，可能丢失数据
E:\Game\JianChi100Miao\JianChi100Miao\JianChi100Miao.cpp(76,32): warning C4244: “参数”: 从“float”转换到“int”，可能丢失数据
E:\Game\JianChi100Miao\JianChi100Miao\JianChi100Miao.cpp(76,17): warning C4244: “参数”: 从“float”转换到“int”，可能丢失数据
E:\Game\JianChi100Miao\JianChi100Miao\JianChi100Miao.cpp(101,29): warning C4244: “参数”: 从“float”转换到“int”，可能丢失数据
E:\Game\JianChi100Miao\JianChi100Miao\JianChi100Miao.cpp(101,17): warning C4244: “参数”: 从“float”转换到“int”，可能丢失数据
E:\Game\JianChi100Miao\JianChi100Miao\JianChi100Miao.cpp(145,16): warning C4244: “初始化”: 从“double”转换到“float”，可能丢失数据
E:\Game\JianChi100Miao\JianChi100Miao\JianChi100Miao.cpp(146,17): warning C4244: “初始化”: 从“double”转换到“float”，可能丢失数据
E:\Game\JianChi100Miao\JianChi100Miao\JianChi100Miao.cpp(147,34): warning C4244: “=”: 从“double”转换到“float”，可能丢失数据
E:\Game\JianChi100Miao\JianChi100Miao\JianChi100Miao.cpp(148,34): warning C4244: “=”: 从“double”转换到“float”，可能丢失数据
E:\Game\JianChi100Miao\JianChi100Miao\JianChi100Miao.cpp(150,52): warning C4244: “=”: 从“int”转换到“float”，可能丢失数据
E:\Game\JianChi100Miao\JianChi100Miao\JianChi100Miao.cpp(159,21): warning C4244: “=”: 从“float”转换到“int”，可能丢失数据
E:\Game\JianChi100Miao\JianChi100Miao\JianChi100Miao.cpp(162,22): warning C4244: “=”: 从“float”转换到“int”，可能丢失数据
E:\Game\JianChi100Miao\JianChi100Miao\JianChi100Miao.cpp(166,22): warning C4244: “=”: 从“float”转换到“int”，可能丢失数据
E:\Game\JianChi100Miao\JianChi100Miao\JianChi100Miao.cpp(171,21): warning C4244: “=”: 从“float”转换到“int”，可能丢失数据
E:\Game\JianChi100Miao\JianChi100Miao\JianChi100Miao.cpp(174,22): warning C4244: “=”: 从“float”转换到“int”，可能丢失数据
E:\Game\JianChi100Miao\JianChi100Miao\JianChi100Miao.cpp(178,22): warning C4244: “=”: 从“float”转换到“int”，可能丢失数据
E:\Game\JianChi100Miao\JianChi100Miao\JianChi100Miao.cpp(181,24): warning C4244: “参数”: 从“int”转换到“float”，可能丢失数据
E:\Game\JianChi100Miao\JianChi100Miao\JianChi100Miao.cpp(181,13): warning C4244: “参数”: 从“int”转换到“float”，可能丢失数据
E:\Game\JianChi100Miao\JianChi100Miao\JianChi100Miao.cpp(208,12): warning C4244: “参数”: 从“time_t”转换到“unsigned int”，可能丢失数据
E:\Game\JianChi100Miao\JianChi100Miao\JianChi100Miao.cpp(217,35): warning C4244: “=”: 从“int”转换到“float”，可能丢失数据
E:\Game\JianChi100Miao\JianChi100Miao\JianChi100Miao.cpp(218,33): warning C4244: “=”: 从“int”转换到“float”，可能丢失数据
E:\Game\JianChi100Miao\JianChi100Miao\JianChi100Miao.cpp(222,29): warning C4244: “=”: 从“int”转换到“float”，可能丢失数据
E:\Game\JianChi100Miao\JianChi100Miao\JianChi100Miao.cpp(223,31): warning C4244: “=”: 从“int”转换到“float”，可能丢失数据
E:\Game\JianChi100Miao\JianChi100Miao\JianChi100Miao.cpp(224,17): warning C4244: “=”: 从“int”转换到“float”，可能丢失数据
E:\Game\JianChi100Miao\JianChi100Miao\JianChi100Miao.cpp(225,17): warning C4244: “=”: 从“int”转换到“float”，可能丢失数据
E:\Game\JianChi100Miao\JianChi100Miao\JianChi100Miao.cpp(228,35): warning C4244: “=”: 从“int”转换到“float”，可能丢失数据
E:\Game\JianChi100Miao\JianChi100Miao\JianChi100Miao.cpp(229,37): warning C4244: “=”: 从“int”转换到“float”，可能丢失数据
E:\Game\JianChi100Miao\JianChi100Miao\JianChi100Miao.cpp(285,54): warning C4244: “参数”: 从“float”转换到“int”，可能丢失数据
E:\Game\JianChi100Miao\JianChi100Miao\JianChi100Miao.cpp(285,25): warning C4244: “参数”: 从“float”转换到“int”，可能丢失数据
  JianChi100Miao.vcxproj -> E:\Game\JianChi100Miao\Debug\JianChi100Miao.exe
